<?xml version="1.0" encoding="UTF-8"?>
<!-- Generated by org.testng.reporters.JUnitXMLReporter -->
<testsuite hostname="PC113" ignored="0" name="Test" tests="3" failures="1" timestamp="22 Nov 2017 07:55:22 GMT" time="9.934" errors="0">
  <testcase name="Equal" time="0.008" classname="Lazada_Test.TestSuite"/>
  <testcase name="NotEqual" time="0.001" classname="Lazada_Test.TestSuite">
    <failure type="java.lang.AssertionError" message="expected [2] but found [1]">
      <![CDATA[java.lang.AssertionError: expected [2] but found [1]
	at Lazada_Test.TestSuite.NotEqual(TestSuite.java:42)
... Removed 35 stack frames]]>
    </failure>
  </testcase> <!-- NotEqual -->
  <testcase name="openWeb" time="9.898" classname="Lazada_Test.TestSuite"/>
</testsuite> <!-- Test -->
